<?xml version="1.0" encoding="UTF-8"?>
<!-- Generated by org.testng.reporters.JUnitReportReporter -->
<testsuite hostname="Elf28-Kunal" failures="0" tests="1" name="users.SampleTestCase" time="48.244" errors="0" timestamp="2022-02-28T18:01:50 IST" skipped="0">
  <testcase classname="users.SampleTestCase" name="sample" time="48.244"/>
  <system-out/>
</testsuite> <!-- users.SampleTestCase -->
