<?xml version="1.0" encoding="UTF-8"?>
<!-- Generated by org.testng.reporters.JUnitReportReporter -->
<testsuite hostname="Elf28-Kunal" failures="0" tests="1" name="time_Task.Acti_Time_053" time="44.239" errors="0" timestamp="2022-03-01T02:10:43 IST" skipped="0">
  <testcase classname="time_Task.Acti_Time_053" name="sample" time="44.239"/>
  <system-out/>
</testsuite> <!-- time_Task.Acti_Time_053 -->
