<?xml version="1.0" encoding="UTF-8"?>
<!-- Generated by org.testng.reporters.JUnitReportReporter -->
<testsuite hostname="Elf28-Kunal" failures="0" tests="1" name="time_Task.Acti_TimeTrack_0055" time="48.770" errors="0" timestamp="2022-03-01T02:17:30 IST" skipped="0">
  <testcase classname="time_Task.Acti_TimeTrack_0055" name="sample" time="48.770"/>
  <system-out/>
</testsuite> <!-- time_Task.Acti_TimeTrack_0055 -->
