<?xml version="1.0" encoding="UTF-8"?>
<!-- Generated by org.testng.reporters.JUnitReportReporter -->
<testsuite hostname="Elf28-Kunal" failures="0" tests="1" name="time_Task.Acti_TimeTrack_057" time="37.681" errors="0" timestamp="2022-03-02T05:39:54 IST" skipped="0">
  <testcase classname="time_Task.Acti_TimeTrack_057" name="sample" time="37.681"/>
  <system-out/>
</testsuite> <!-- time_Task.Acti_TimeTrack_057 -->
