<?xml version="1.0" encoding="UTF-8"?>
<!-- Generated by org.testng.reporters.JUnitReportReporter -->
<testsuite hostname="Elf28-Kunal" failures="0" tests="1" name="users.TestCase2" time="44.472" errors="0" timestamp="2022-02-28T21:14:41 IST" skipped="0">
  <testcase classname="users.TestCase2" name="sample" time="44.472"/>
  <system-out/>
</testsuite> <!-- users.TestCase2 -->
