<?xml version="1.0" encoding="UTF-8"?>
<!-- Generated by org.testng.reporters.JUnitReportReporter -->
<testsuite hostname="Elf28-Kunal" failures="0" tests="1" name="time_Task.Acti_TimeTrack_051" time="18.264" errors="0" timestamp="2022-03-02T14:04:53 IST" skipped="0">
  <testcase classname="time_Task.Acti_TimeTrack_051" name="sample" time="18.264"/>
  <system-out>
Time-Track page  is  displayed Succesfully Task created Succesfully  </system-out>
</testsuite> <!-- time_Task.Acti_TimeTrack_051 -->
