<?xml version="1.0" encoding="UTF-8"?>
<!-- Generated by org.testng.reporters.JUnitReportReporter -->
<testsuite hostname="Elf28-Kunal" failures="0" tests="1" name="time_Task.Acti_Time_054" time="34.755" errors="0" timestamp="2022-03-01T00:26:13 IST" skipped="0">
  <testcase classname="time_Task.Acti_Time_054" name="sample" time="34.755"/>
  <system-out/>
</testsuite> <!-- time_Task.Acti_Time_054 -->
